<?xml version="1.0" encoding="UTF-8"?>
<!-- Generated by org.testng.reporters.JUnitReportReporter -->
<testsuite skipped="0" hostname="Windows7-PC" name="nut.fut.chill.Sample" tests="1" failures="0" timestamp="2021-12-20T14:15:29 IST" time="33.726" errors="0">
  <testcase name="testlevel" time="33.726" classname="nut.fut.chill.Sample"/>
  <system-out/>
</testsuite> <!-- nut.fut.chill.Sample -->
