<?xml version="1.0" encoding="UTF-8"?>
<!-- Generated by org.testng.reporters.JUnitReportReporter -->
<testsuite skipped="0" hostname="Windows7-PC" name="nut.fut.chill.Parameterization" tests="9" failures="0" timestamp="2021-12-20T14:11:12 IST" time="0.056" errors="0">
  <testcase name="boy" time="0.002" classname="nut.fut.chill.Parameterization"/>
  <system-out/>
  <testcase name="test1" time="0.003" classname="nut.fut.chill.Parameterization"/>
  <system-out/>
  <testcase name="divisionByZero" time="0.006" classname="nut.fut.chill.Parameterization"/>
  <system-out/>
  <testcase name="boy" time="0.028" classname="nut.fut.chill.Parameterization"/>
  <system-out/>
  <testcase name="divisionByZero" time="0.002" classname="nut.fut.chill.Parameterization"/>
  <system-out/>
  <testcase name="divisionByZero" time="0.002" classname="nut.fut.chill.Parameterization"/>
  <system-out/>
  <testcase name="test1" time="0.000" classname="nut.fut.chill.Parameterization"/>
  <system-out/>
  <testcase name="test1" time="0.004" classname="nut.fut.chill.Parameterization"/>
  <system-out/>
  <testcase name="boy" time="0.009" classname="nut.fut.chill.Parameterization"/>
  <system-out/>
</testsuite> <!-- nut.fut.chill.Parameterization -->
